2025-03-19 11:22:51,230 - linkedin_scapper - INFO - Loading embeddings model...
2025-03-19 11:23:15,199 - linkedin_scapper - INFO - Embeddings loaded successfully!
2025-03-19 11:23:15,200 - linkedin_scapper - INFO - Loading vector database...
2025-03-19 11:23:15,201 - linkedin_scapper - INFO - Loading Chroma from streamlit_app/db/vector_db...
2025-03-19 11:23:15,515 - linkedin_scapper - INFO - Vector database loaded successfully!
2025-03-19 11:23:15,516 - linkedin_scapper - INFO - ChatHandler initialization complete!
2025-03-19 11:23:15,516 - linkedin_scapper - INFO - Setting up retriever...
2025-03-19 11:23:15,516 - linkedin_scapper - INFO - Loading BM25 retriever from streamlit_app/db\bm25.pkl
2025-03-19 11:23:15,604 - linkedin_scapper - INFO - Hybrid retriever (BM25 + Vector) setup complete!
2025-03-19 11:23:15,604 - linkedin_scapper - INFO - Retriever setup complete!
2025-03-19 11:23:15,604 - linkedin_scapper - INFO - Setting is_ready to True. vector_db: True, retriever: True
2025-03-19 11:23:47,604 - linkedin_scapper - INFO - Using hybrid retriever (BM25 + Vector)
2025-03-19 11:23:47,606 - linkedin_scapper - INFO - Running hybrid search query...
2025-03-19 11:24:19,108 - linkedin_scapper - INFO - Using hybrid retriever (BM25 + Vector)
2025-03-19 11:24:19,109 - linkedin_scapper - INFO - Running hybrid search query...
2025-03-19 11:24:30,736 - linkedin_scapper - INFO - Setting up retriever...
2025-03-19 11:24:30,738 - linkedin_scapper - INFO - Loading BM25 retriever from streamlit_app/db\bm25.pkl
2025-03-19 11:24:30,745 - linkedin_scapper - INFO - Hybrid retriever (BM25 + Vector) setup complete!
2025-03-19 11:24:30,746 - linkedin_scapper - INFO - Retriever setup complete!
2025-03-19 11:24:30,746 - linkedin_scapper - INFO - Setting is_ready to True. vector_db: True, retriever: True
