2025-03-16 13:40:58,065 - linkedin_scapper - INFO - Chrome Driver initialized successfully
2025-03-16 13:42:04,366 - linkedin_scapper - INFO - Successfully logged into LinkedIn
2025-03-16 13:42:20,697 - linkedin_scapper - INFO - Found 3 pages total
2025-03-16 13:42:20,737 - linkedin_scapper - INFO - Starting extraction from page 1 of 3
2025-03-16 13:42:21,876 - linkedin_scapper - INFO - Successfully navigated to page 2
2025-03-16 13:42:23,630 - linkedin_scapper - INFO - Successfully navigated to page 3
2025-03-16 13:42:23,818 - linkedin_scapper - INFO - Already on the last page (3)
2025-03-16 13:42:23,818 - linkedin_scapper - INFO - Completed extraction from all pages
2025-03-16 13:42:23,819 - linkedin_scapper - INFO - Processing page 1 with URL: https://www.linkedin.com/jobs/search/?currentJobId=4169177152&distance=25&f_E=1&geoId=104195383&keywords=data%20engineer&origin=JOB_SEARCH_PAGE_JOB_FILTER&refresh=true
2025-03-16 13:42:46,691 - linkedin_scapper - INFO - Successfully saved page content to C:\Users\Hang Tan Tai\Documents\personal_space\selenium\web_scrapping\output.txt
2025-03-16 13:42:46,861 - linkedin_scapper - INFO - Successfully read file: C:\Users\Hang Tan Tai\Documents\personal_space\selenium\web_scrapping\output.txt
2025-03-16 13:42:46,950 - linkedin_scapper - INFO - Found 122 div tags in main container
2025-03-16 13:42:46,956 - linkedin_scapper - INFO - Successfully collected 7 job links
2025-03-16 13:42:46,956 - linkedin_scapper - INFO - Successfully extracted 7 links out of 7 found
2025-03-16 13:42:46,957 - linkedin_scapper - INFO - Extracted 7 job links from page 1
2025-03-16 13:42:46,957 - linkedin_scapper - INFO - Processing page 2 with URL: https://www.linkedin.com/jobs/search/?currentJobId=4179478586&distance=25&f_E=1&geoId=104195383&keywords=data%20engineer&origin=JOB_SEARCH_PAGE_JOB_FILTER&refresh=true&start=25
2025-03-16 13:43:06,785 - linkedin_scapper - INFO - Successfully saved page content to C:\Users\Hang Tan Tai\Documents\personal_space\selenium\web_scrapping\output.txt
2025-03-16 13:43:06,888 - linkedin_scapper - INFO - Successfully read file: C:\Users\Hang Tan Tai\Documents\personal_space\selenium\web_scrapping\output.txt
2025-03-16 13:43:07,132 - linkedin_scapper - INFO - Found 122 div tags in main container
2025-03-16 13:43:07,149 - linkedin_scapper - INFO - Successfully collected 7 job links
2025-03-16 13:43:07,150 - linkedin_scapper - INFO - Successfully extracted 7 links out of 7 found
2025-03-16 13:43:07,150 - linkedin_scapper - INFO - Extracted 7 job links from page 2
2025-03-16 13:43:07,151 - linkedin_scapper - INFO - Processing page 3 with URL: https://www.linkedin.com/jobs/search/?currentJobId=4167553214&distance=25&f_E=1&geoId=104195383&keywords=data%20engineer&origin=JOB_SEARCH_PAGE_JOB_FILTER&refresh=true&start=50
2025-03-16 13:43:24,525 - linkedin_scapper - INFO - Successfully saved page content to C:\Users\Hang Tan Tai\Documents\personal_space\selenium\web_scrapping\output.txt
2025-03-16 13:43:24,625 - linkedin_scapper - INFO - Successfully read file: C:\Users\Hang Tan Tai\Documents\personal_space\selenium\web_scrapping\output.txt
2025-03-16 13:43:24,724 - linkedin_scapper - INFO - Found 112 div tags in main container
2025-03-16 13:43:24,733 - linkedin_scapper - INFO - Successfully collected 7 job links
2025-03-16 13:43:24,733 - linkedin_scapper - INFO - Successfully extracted 7 links out of 7 found
2025-03-16 13:43:24,733 - linkedin_scapper - INFO - Extracted 7 job links from page 3
2025-03-16 13:43:24,733 - linkedin_scapper - INFO - Total job links extracted from all pages: 21
2025-03-16 13:43:24,742 - linkedin_scapper - INFO - Starting to process 21 job links
2025-03-16 13:43:24,742 - linkedin_scapper - ERROR - Critical error in job processing: 'list' object has no attribute 'items'
2025-03-16 13:43:24,742 - linkedin_scapper - WARNING - No job data to save
2025-03-16 13:43:27,418 - linkedin_scapper - INFO - Browser session close
