2025-03-16 13:52:59,232 - linkedin_scapper - INFO - Chrome Driver initialized successfully
2025-03-16 13:53:35,626 - linkedin_scapper - INFO - Successfully logged into LinkedIn
2025-03-16 13:53:53,913 - linkedin_scapper - INFO - Found 3 pages total
2025-03-16 13:53:54,011 - linkedin_scapper - INFO - Starting extraction from page 1 of 3
2025-03-16 13:53:54,734 - linkedin_scapper - INFO - Successfully navigated to page 2
2025-03-16 13:53:56,928 - linkedin_scapper - INFO - Successfully navigated to page 3
2025-03-16 13:53:57,358 - linkedin_scapper - INFO - Already on the last page (3)
2025-03-16 13:53:57,359 - linkedin_scapper - INFO - Completed extraction from all pages
2025-03-16 13:53:57,359 - linkedin_scapper - INFO - Processing page 1 with URL: https://www.linkedin.com/jobs/search/?currentJobId=4169177152&distance=25&f_E=1&geoId=104195383&keywords=data%20engineer&origin=JOB_SEARCH_PAGE_JOB_FILTER&refresh=true
2025-03-16 13:54:17,137 - linkedin_scapper - INFO - Successfully saved page content to C:\Users\Hang Tan Tai\Documents\personal_space\selenium\web_scrapping\output.txt
2025-03-16 13:54:17,296 - linkedin_scapper - INFO - Successfully read file: C:\Users\Hang Tan Tai\Documents\personal_space\selenium\web_scrapping\output.txt
2025-03-16 13:54:17,374 - linkedin_scapper - INFO - Found 122 div tags in main container
2025-03-16 13:54:17,383 - linkedin_scapper - INFO - Successfully collected 7 job links
2025-03-16 13:54:17,383 - linkedin_scapper - INFO - Successfully extracted 7 links out of 7 found
2025-03-16 13:54:17,386 - linkedin_scapper - INFO - Extracted 7 job links from page 1
2025-03-16 13:54:17,386 - linkedin_scapper - INFO - Processing page 2 with URL: https://www.linkedin.com/jobs/search/?currentJobId=4139722965&distance=25&f_E=1&geoId=104195383&keywords=data%20engineer&origin=JOB_SEARCH_PAGE_JOB_FILTER&refresh=true&start=25
2025-03-16 13:54:35,993 - linkedin_scapper - INFO - Successfully saved page content to C:\Users\Hang Tan Tai\Documents\personal_space\selenium\web_scrapping\output.txt
2025-03-16 13:54:36,126 - linkedin_scapper - INFO - Successfully read file: C:\Users\Hang Tan Tai\Documents\personal_space\selenium\web_scrapping\output.txt
2025-03-16 13:54:36,394 - linkedin_scapper - INFO - Found 116 div tags in main container
2025-03-16 13:54:36,400 - linkedin_scapper - INFO - Successfully collected 7 job links
2025-03-16 13:54:36,400 - linkedin_scapper - INFO - Successfully extracted 7 links out of 7 found
2025-03-16 13:54:36,402 - linkedin_scapper - INFO - Extracted 7 job links from page 2
2025-03-16 13:54:36,402 - linkedin_scapper - INFO - Processing page 3 with URL: https://www.linkedin.com/jobs/search/?currentJobId=4167553214&distance=25&f_E=1&geoId=104195383&keywords=data%20engineer&origin=JOB_SEARCH_PAGE_JOB_FILTER&refresh=true&start=50
2025-03-16 13:54:54,200 - linkedin_scapper - INFO - Successfully saved page content to C:\Users\Hang Tan Tai\Documents\personal_space\selenium\web_scrapping\output.txt
2025-03-16 13:54:54,285 - linkedin_scapper - INFO - Successfully read file: C:\Users\Hang Tan Tai\Documents\personal_space\selenium\web_scrapping\output.txt
2025-03-16 13:54:54,369 - linkedin_scapper - INFO - Found 112 div tags in main container
2025-03-16 13:54:54,375 - linkedin_scapper - INFO - Successfully collected 7 job links
2025-03-16 13:54:54,375 - linkedin_scapper - INFO - Successfully extracted 7 links out of 7 found
2025-03-16 13:54:54,377 - linkedin_scapper - INFO - Extracted 7 job links from page 3
2025-03-16 13:54:54,377 - linkedin_scapper - INFO - Total job links extracted from all pages: 21
2025-03-16 13:54:54,428 - linkedin_scapper - INFO - Starting to process 21 job links
2025-03-16 13:54:54,428 - linkedin_scapper - ERROR - Critical error in job processing: 'list' object has no attribute 'items'
2025-03-16 13:54:54,429 - linkedin_scapper - WARNING - No job data to save
2025-03-16 13:54:56,927 - linkedin_scapper - INFO - Browser session close
