2025-03-16 14:06:06,200 - linkedin_scapper - INFO - Chrome Driver initialized successfully
2025-03-16 14:06:24,480 - linkedin_scapper - INFO - Successfully logged into LinkedIn
2025-03-16 14:06:51,194 - linkedin_scapper - INFO - Found 3 pages total
2025-03-16 14:06:51,227 - linkedin_scapper - INFO - Starting extraction from page 1 of 3
2025-03-16 14:06:52,101 - linkedin_scapper - INFO - Successfully navigated to page 2
2025-03-16 14:06:54,549 - linkedin_scapper - INFO - Successfully navigated to page 3
2025-03-16 14:06:54,704 - linkedin_scapper - INFO - Already on the last page (3)
2025-03-16 14:06:54,705 - linkedin_scapper - INFO - Completed extraction from all pages
2025-03-16 14:06:54,706 - linkedin_scapper - INFO - Processing page 1 with URL: https://www.linkedin.com/jobs/search/?currentJobId=4169177152&distance=25&f_E=1&geoId=104195383&keywords=data%20engineer&origin=JOB_SEARCH_PAGE_JOB_FILTER&refresh=true
2025-03-16 14:07:12,552 - linkedin_scapper - INFO - Successfully saved page content to C:\Users\Hang Tan Tai\Documents\personal_space\selenium\web_scrapping\output.txt
2025-03-16 14:07:12,656 - linkedin_scapper - INFO - Successfully read file: C:\Users\Hang Tan Tai\Documents\personal_space\selenium\web_scrapping\output.txt
2025-03-16 14:07:12,738 - linkedin_scapper - INFO - Found 122 div tags in main container
2025-03-16 14:07:12,770 - linkedin_scapper - INFO - Successfully collected 7 job links
2025-03-16 14:07:12,771 - linkedin_scapper - INFO - Successfully extracted 7 links out of 7 found
2025-03-16 14:07:12,772 - linkedin_scapper - INFO - Extracted 7 job links from page 1
2025-03-16 14:07:12,772 - linkedin_scapper - INFO - Processing page 2 with URL: https://www.linkedin.com/jobs/search/?currentJobId=4139722965&distance=25&f_E=1&geoId=104195383&keywords=data%20engineer&origin=JOB_SEARCH_PAGE_JOB_FILTER&refresh=true&start=25
2025-03-16 14:07:29,784 - linkedin_scapper - INFO - Successfully saved page content to C:\Users\Hang Tan Tai\Documents\personal_space\selenium\web_scrapping\output.txt
2025-03-16 14:07:29,903 - linkedin_scapper - INFO - Successfully read file: C:\Users\Hang Tan Tai\Documents\personal_space\selenium\web_scrapping\output.txt
2025-03-16 14:07:30,071 - linkedin_scapper - INFO - Found 116 div tags in main container
2025-03-16 14:07:30,077 - linkedin_scapper - INFO - Successfully collected 7 job links
2025-03-16 14:07:30,077 - linkedin_scapper - INFO - Successfully extracted 7 links out of 7 found
2025-03-16 14:07:30,078 - linkedin_scapper - INFO - Extracted 7 job links from page 2
2025-03-16 14:07:30,078 - linkedin_scapper - INFO - Processing page 3 with URL: https://www.linkedin.com/jobs/search/?currentJobId=4167553214&distance=25&f_E=1&geoId=104195383&keywords=data%20engineer&origin=JOB_SEARCH_PAGE_JOB_FILTER&refresh=true&start=50
2025-03-16 14:07:49,071 - linkedin_scapper - INFO - Successfully saved page content to C:\Users\Hang Tan Tai\Documents\personal_space\selenium\web_scrapping\output.txt
2025-03-16 14:07:49,195 - linkedin_scapper - INFO - Successfully read file: C:\Users\Hang Tan Tai\Documents\personal_space\selenium\web_scrapping\output.txt
2025-03-16 14:07:49,280 - linkedin_scapper - INFO - Found 112 div tags in main container
2025-03-16 14:07:49,286 - linkedin_scapper - INFO - Successfully collected 7 job links
2025-03-16 14:07:49,286 - linkedin_scapper - INFO - Successfully extracted 7 links out of 7 found
2025-03-16 14:07:49,286 - linkedin_scapper - INFO - Extracted 7 job links from page 3
2025-03-16 14:07:49,286 - linkedin_scapper - INFO - Total job links extracted from all pages: 21
2025-03-16 14:07:49,302 - linkedin_scapper - INFO - Starting to process 21 job links from dictionary
2025-03-16 14:08:08,342 - linkedin_scapper - INFO - Successfully saved page content to C:\Users\Hang Tan Tai\Documents\personal_space\selenium\web_scrapping\details.txt
2025-03-16 14:08:08,478 - linkedin_scapper - INFO - Successfully read file: C:\Users\Hang Tan Tai\Documents\personal_space\selenium\web_scrapping\details.txt
2025-03-16 14:08:08,552 - linkedin_scapper - INFO - Successfully extracted job title info
2025-03-16 14:08:08,553 - linkedin_scapper - INFO - Successfully extracted company name info
2025-03-16 14:08:08,554 - linkedin_scapper - INFO - Successfully extracted location/time/applicants info
2025-03-16 14:08:08,555 - linkedin_scapper - INFO - Successful extracted job role
2025-03-16 14:08:08,555 - linkedin_scapper - INFO - Successfully extracted detail information of the job
2025-03-16 14:08:08,560 - linkedin_scapper - INFO - Successfully created DataFrame with job information
2025-03-16 14:08:08,562 - linkedin_scapper - INFO - Processed job 1/21: Data Engineer Intern with verification
2025-03-16 14:08:27,935 - linkedin_scapper - WARNING - All extraction methods failed, using page_source as fallback
2025-03-16 14:08:28,119 - linkedin_scapper - INFO - Successfully saved page content to C:\Users\Hang Tan Tai\Documents\personal_space\selenium\web_scrapping\details.txt
2025-03-16 14:08:28,196 - linkedin_scapper - INFO - Successfully read file: C:\Users\Hang Tan Tai\Documents\personal_space\selenium\web_scrapping\details.txt
2025-03-16 14:08:28,338 - linkedin_scapper - INFO - Successfully extracted job title info
2025-03-16 14:08:28,339 - linkedin_scapper - INFO - Successfully extracted company name info
2025-03-16 14:08:28,341 - linkedin_scapper - INFO - Successfully extracted location/time/applicants info
2025-03-16 14:08:28,341 - linkedin_scapper - INFO - Successful extracted job role
2025-03-16 14:08:28,341 - linkedin_scapper - INFO - Successfully extracted detail information of the job
2025-03-16 14:08:28,342 - linkedin_scapper - INFO - Successfully created DataFrame with job information
2025-03-16 14:08:28,343 - linkedin_scapper - INFO - Processed job 2/21: Data Engineer Intern
2025-03-16 14:08:43,072 - linkedin_scapper - INFO - Successfully saved page content to C:\Users\Hang Tan Tai\Documents\personal_space\selenium\web_scrapping\details.txt
2025-03-16 14:08:43,201 - linkedin_scapper - INFO - Successfully read file: C:\Users\Hang Tan Tai\Documents\personal_space\selenium\web_scrapping\details.txt
2025-03-16 14:08:43,275 - linkedin_scapper - INFO - Successfully extracted job title info
2025-03-16 14:08:43,276 - linkedin_scapper - INFO - Successfully extracted company name info
2025-03-16 14:08:43,276 - linkedin_scapper - INFO - Successfully extracted location/time/applicants info
2025-03-16 14:08:43,276 - linkedin_scapper - INFO - Successful extracted job role
2025-03-16 14:08:43,278 - linkedin_scapper - INFO - Successfully extracted detail information of the job
2025-03-16 14:08:43,278 - linkedin_scapper - INFO - Successfully created DataFrame with job information
2025-03-16 14:08:43,279 - linkedin_scapper - INFO - Processed job 3/21: Technical Intern, SLT Data Application Engineer with verification
2025-03-16 14:09:07,888 - linkedin_scapper - WARNING - All extraction methods failed, using page_source as fallback
2025-03-16 14:09:08,273 - linkedin_scapper - INFO - Successfully saved page content to C:\Users\Hang Tan Tai\Documents\personal_space\selenium\web_scrapping\details.txt
2025-03-16 14:09:08,395 - linkedin_scapper - INFO - Successfully read file: C:\Users\Hang Tan Tai\Documents\personal_space\selenium\web_scrapping\details.txt
2025-03-16 14:09:08,477 - linkedin_scapper - INFO - Successfully extracted job title info
2025-03-16 14:09:08,477 - linkedin_scapper - INFO - Successfully extracted company name info
2025-03-16 14:09:08,478 - linkedin_scapper - INFO - Successfully extracted location/time/applicants info
2025-03-16 14:09:08,478 - linkedin_scapper - INFO - Successful extracted job role
2025-03-16 14:09:08,479 - linkedin_scapper - INFO - Successfully extracted detail information of the job
2025-03-16 14:09:08,480 - linkedin_scapper - INFO - Successfully created DataFrame with job information
2025-03-16 14:09:08,481 - linkedin_scapper - INFO - Processed job 4/21: Software Intern (Fullstack), Digital Business
2025-03-16 14:09:24,989 - linkedin_scapper - INFO - Successfully saved page content to C:\Users\Hang Tan Tai\Documents\personal_space\selenium\web_scrapping\details.txt
2025-03-16 14:09:25,143 - linkedin_scapper - INFO - Successfully read file: C:\Users\Hang Tan Tai\Documents\personal_space\selenium\web_scrapping\details.txt
2025-03-16 14:09:25,225 - linkedin_scapper - INFO - Successfully extracted job title info
2025-03-16 14:09:25,226 - linkedin_scapper - INFO - Successfully extracted company name info
2025-03-16 14:09:25,226 - linkedin_scapper - INFO - Successfully extracted location/time/applicants info
2025-03-16 14:09:25,226 - linkedin_scapper - INFO - Successful extracted job role
2025-03-16 14:09:25,228 - linkedin_scapper - INFO - Successfully extracted detail information of the job
2025-03-16 14:09:25,228 - linkedin_scapper - INFO - Successfully created DataFrame with job information
2025-03-16 14:09:25,230 - linkedin_scapper - INFO - Processed job 5/21: Software Engineer Intern - QA with verification
2025-03-16 14:09:46,469 - linkedin_scapper - WARNING - All extraction methods failed, using page_source as fallback
2025-03-16 14:09:46,789 - linkedin_scapper - INFO - Successfully saved page content to C:\Users\Hang Tan Tai\Documents\personal_space\selenium\web_scrapping\details.txt
2025-03-16 14:09:46,873 - linkedin_scapper - INFO - Successfully read file: C:\Users\Hang Tan Tai\Documents\personal_space\selenium\web_scrapping\details.txt
2025-03-16 14:09:46,939 - linkedin_scapper - INFO - Successfully extracted job title info
2025-03-16 14:09:46,939 - linkedin_scapper - INFO - Successfully extracted company name info
2025-03-16 14:09:46,940 - linkedin_scapper - INFO - Successfully extracted location/time/applicants info
2025-03-16 14:09:46,940 - linkedin_scapper - INFO - Successful extracted job role
2025-03-16 14:09:46,941 - linkedin_scapper - INFO - Successfully extracted detail information of the job
2025-03-16 14:09:46,941 - linkedin_scapper - INFO - Successfully created DataFrame with job information
2025-03-16 14:09:46,942 - linkedin_scapper - INFO - Processed job 6/21: Software Engineer Intern - Work in Hue
2025-03-16 14:10:05,624 - linkedin_scapper - INFO - Successfully saved page content to C:\Users\Hang Tan Tai\Documents\personal_space\selenium\web_scrapping\details.txt
2025-03-16 14:10:05,738 - linkedin_scapper - INFO - Successfully read file: C:\Users\Hang Tan Tai\Documents\personal_space\selenium\web_scrapping\details.txt
2025-03-16 14:10:05,821 - linkedin_scapper - INFO - Successfully extracted job title info
2025-03-16 14:10:05,822 - linkedin_scapper - INFO - Successfully extracted company name info
2025-03-16 14:10:05,822 - linkedin_scapper - INFO - Successfully extracted location/time/applicants info
2025-03-16 14:10:05,822 - linkedin_scapper - INFO - Successful extracted job role
2025-03-16 14:10:05,823 - linkedin_scapper - INFO - Successfully extracted detail information of the job
2025-03-16 14:10:05,824 - linkedin_scapper - INFO - Successfully created DataFrame with job information
2025-03-16 14:10:05,825 - linkedin_scapper - INFO - Processed job 7/21: (DN/HN) Internship Embedded Software Engineer
2025-03-16 14:10:22,775 - linkedin_scapper - INFO - Successfully saved page content to C:\Users\Hang Tan Tai\Documents\personal_space\selenium\web_scrapping\details.txt
2025-03-16 14:10:22,908 - linkedin_scapper - INFO - Successfully read file: C:\Users\Hang Tan Tai\Documents\personal_space\selenium\web_scrapping\details.txt
2025-03-16 14:10:22,984 - linkedin_scapper - INFO - Successfully extracted job title info
2025-03-16 14:10:22,984 - linkedin_scapper - INFO - Successfully extracted company name info
2025-03-16 14:10:22,986 - linkedin_scapper - INFO - Successfully extracted location/time/applicants info
2025-03-16 14:10:22,988 - linkedin_scapper - INFO - Successful extracted job role
2025-03-16 14:10:22,988 - linkedin_scapper - INFO - Successfully extracted detail information of the job
2025-03-16 14:10:22,989 - linkedin_scapper - INFO - Successfully created DataFrame with job information
2025-03-16 14:10:22,990 - linkedin_scapper - INFO - Processed job 8/21: Software Engineer Intern - Backend with verification
2025-03-16 14:10:42,513 - linkedin_scapper - WARNING - All extraction methods failed, using page_source as fallback
2025-03-16 14:10:42,930 - linkedin_scapper - INFO - Successfully saved page content to C:\Users\Hang Tan Tai\Documents\personal_space\selenium\web_scrapping\details.txt
2025-03-16 14:10:43,018 - linkedin_scapper - INFO - Successfully read file: C:\Users\Hang Tan Tai\Documents\personal_space\selenium\web_scrapping\details.txt
2025-03-16 14:10:43,084 - linkedin_scapper - INFO - Successfully extracted job title info
2025-03-16 14:10:43,085 - linkedin_scapper - INFO - Successfully extracted company name info
2025-03-16 14:10:43,085 - linkedin_scapper - INFO - Successfully extracted location/time/applicants info
2025-03-16 14:10:43,085 - linkedin_scapper - INFO - Successful extracted job role
2025-03-16 14:10:43,086 - linkedin_scapper - INFO - Successfully extracted detail information of the job
2025-03-16 14:10:43,086 - linkedin_scapper - INFO - Successfully created DataFrame with job information
2025-03-16 14:10:43,086 - linkedin_scapper - INFO - Processed job 9/21: QC Engineer Intern - Work in Da Nang
2025-03-16 14:11:06,558 - linkedin_scapper - WARNING - All extraction methods failed, using page_source as fallback
2025-03-16 14:11:06,750 - linkedin_scapper - INFO - Successfully saved page content to C:\Users\Hang Tan Tai\Documents\personal_space\selenium\web_scrapping\details.txt
2025-03-16 14:11:06,832 - linkedin_scapper - INFO - Successfully read file: C:\Users\Hang Tan Tai\Documents\personal_space\selenium\web_scrapping\details.txt
2025-03-16 14:11:06,908 - linkedin_scapper - INFO - Successfully extracted job title info
2025-03-16 14:11:06,908 - linkedin_scapper - INFO - Successfully extracted company name info
2025-03-16 14:11:06,909 - linkedin_scapper - INFO - Successfully extracted location/time/applicants info
2025-03-16 14:11:06,909 - linkedin_scapper - INFO - Successful extracted job role
2025-03-16 14:11:06,910 - linkedin_scapper - INFO - Successfully extracted detail information of the job
2025-03-16 14:11:06,912 - linkedin_scapper - INFO - Successfully created DataFrame with job information
2025-03-16 14:11:06,912 - linkedin_scapper - INFO - Processed job 10/21: Game Development Fresher with verification
2025-03-16 14:11:26,642 - linkedin_scapper - INFO - Successfully saved page content to C:\Users\Hang Tan Tai\Documents\personal_space\selenium\web_scrapping\details.txt
2025-03-16 14:11:26,756 - linkedin_scapper - INFO - Successfully read file: C:\Users\Hang Tan Tai\Documents\personal_space\selenium\web_scrapping\details.txt
2025-03-16 14:11:26,831 - linkedin_scapper - INFO - Successfully extracted job title info
2025-03-16 14:11:26,832 - linkedin_scapper - INFO - Successfully extracted company name info
2025-03-16 14:11:26,832 - linkedin_scapper - INFO - Successfully extracted location/time/applicants info
2025-03-16 14:11:26,833 - linkedin_scapper - INFO - Successful extracted job role
2025-03-16 14:11:26,833 - linkedin_scapper - INFO - Successfully extracted detail information of the job
2025-03-16 14:11:26,834 - linkedin_scapper - INFO - Successfully created DataFrame with job information
2025-03-16 14:11:26,834 - linkedin_scapper - INFO - Processed job 11/21: Technical Intern, SLT QA Engineer with verification
2025-03-16 14:11:41,990 - linkedin_scapper - INFO - Successfully saved page content to C:\Users\Hang Tan Tai\Documents\personal_space\selenium\web_scrapping\details.txt
2025-03-16 14:11:42,102 - linkedin_scapper - INFO - Successfully read file: C:\Users\Hang Tan Tai\Documents\personal_space\selenium\web_scrapping\details.txt
2025-03-16 14:11:42,271 - linkedin_scapper - INFO - Successfully extracted job title info
2025-03-16 14:11:42,271 - linkedin_scapper - INFO - Successfully extracted company name info
2025-03-16 14:11:42,272 - linkedin_scapper - INFO - Successfully extracted location/time/applicants info
2025-03-16 14:11:42,272 - linkedin_scapper - INFO - Successful extracted job role
2025-03-16 14:11:42,272 - linkedin_scapper - INFO - Successfully extracted detail information of the job
2025-03-16 14:11:42,273 - linkedin_scapper - INFO - Successfully created DataFrame with job information
2025-03-16 14:11:42,273 - linkedin_scapper - INFO - Processed job 12/21: (DN) Internship Full-stack Developer
2025-03-16 14:11:59,072 - linkedin_scapper - INFO - Successfully saved page content to C:\Users\Hang Tan Tai\Documents\personal_space\selenium\web_scrapping\details.txt
2025-03-16 14:11:59,210 - linkedin_scapper - INFO - Successfully read file: C:\Users\Hang Tan Tai\Documents\personal_space\selenium\web_scrapping\details.txt
2025-03-16 14:11:59,364 - linkedin_scapper - INFO - Successfully extracted job title info
2025-03-16 14:11:59,365 - linkedin_scapper - INFO - Successfully extracted company name info
2025-03-16 14:11:59,365 - linkedin_scapper - INFO - Successfully extracted location/time/applicants info
2025-03-16 14:11:59,365 - linkedin_scapper - INFO - Successful extracted job role
2025-03-16 14:11:59,366 - linkedin_scapper - INFO - Successfully extracted detail information of the job
2025-03-16 14:11:59,366 - linkedin_scapper - INFO - Successfully created DataFrame with job information
2025-03-16 14:11:59,366 - linkedin_scapper - INFO - Processed job 13/21: Game Designer Intern with verification
2025-03-16 14:12:22,508 - linkedin_scapper - WARNING - All extraction methods failed, using page_source as fallback
2025-03-16 14:12:22,719 - linkedin_scapper - INFO - Successfully saved page content to C:\Users\Hang Tan Tai\Documents\personal_space\selenium\web_scrapping\details.txt
2025-03-16 14:12:22,850 - linkedin_scapper - INFO - Successfully read file: C:\Users\Hang Tan Tai\Documents\personal_space\selenium\web_scrapping\details.txt
2025-03-16 14:12:22,921 - linkedin_scapper - INFO - Successfully extracted job title info
2025-03-16 14:12:22,922 - linkedin_scapper - INFO - Successfully extracted company name info
2025-03-16 14:12:22,922 - linkedin_scapper - INFO - Successfully extracted location/time/applicants info
2025-03-16 14:12:22,923 - linkedin_scapper - INFO - Successful extracted job role
2025-03-16 14:12:22,923 - linkedin_scapper - INFO - Successfully extracted detail information of the job
2025-03-16 14:12:22,924 - linkedin_scapper - INFO - Successfully created DataFrame with job information
2025-03-16 14:12:22,924 - linkedin_scapper - INFO - Processed job 14/21: Software Test Engineer Intern (QA/QC/Tester intern), KMS Healthcare
2025-03-16 14:12:39,111 - linkedin_scapper - INFO - Successfully saved page content to C:\Users\Hang Tan Tai\Documents\personal_space\selenium\web_scrapping\details.txt
2025-03-16 14:12:39,230 - linkedin_scapper - INFO - Successfully read file: C:\Users\Hang Tan Tai\Documents\personal_space\selenium\web_scrapping\details.txt
2025-03-16 14:12:39,398 - linkedin_scapper - INFO - Successfully extracted job title info
2025-03-16 14:12:39,398 - linkedin_scapper - INFO - Successfully extracted company name info
2025-03-16 14:12:39,399 - linkedin_scapper - INFO - Successfully extracted location/time/applicants info
2025-03-16 14:12:39,399 - linkedin_scapper - INFO - Successful extracted job role
2025-03-16 14:12:39,399 - linkedin_scapper - INFO - Successfully extracted detail information of the job
2025-03-16 14:12:39,400 - linkedin_scapper - INFO - Successfully created DataFrame with job information
2025-03-16 14:12:39,400 - linkedin_scapper - INFO - Processed job 15/21: C++ Game Programmer (6-month Full-time Working Internship) with verification
2025-03-16 14:13:00,480 - linkedin_scapper - INFO - Successfully saved page content to C:\Users\Hang Tan Tai\Documents\personal_space\selenium\web_scrapping\details.txt
2025-03-16 14:13:00,643 - linkedin_scapper - INFO - Successfully read file: C:\Users\Hang Tan Tai\Documents\personal_space\selenium\web_scrapping\details.txt
2025-03-16 14:13:00,722 - linkedin_scapper - INFO - Successfully extracted job title info
2025-03-16 14:13:00,722 - linkedin_scapper - INFO - Successfully extracted company name info
2025-03-16 14:13:00,723 - linkedin_scapper - INFO - Successfully extracted location/time/applicants info
2025-03-16 14:13:00,723 - linkedin_scapper - INFO - Successful extracted job role
2025-03-16 14:13:00,724 - linkedin_scapper - INFO - Successfully extracted detail information of the job
2025-03-16 14:13:00,724 - linkedin_scapper - INFO - Successfully created DataFrame with job information
2025-03-16 14:13:00,725 - linkedin_scapper - INFO - Processed job 16/21: Software Engineer Intern - Frontend with verification
2025-03-16 14:13:16,498 - linkedin_scapper - INFO - Successfully saved page content to C:\Users\Hang Tan Tai\Documents\personal_space\selenium\web_scrapping\details.txt
2025-03-16 14:13:16,598 - linkedin_scapper - INFO - Successfully read file: C:\Users\Hang Tan Tai\Documents\personal_space\selenium\web_scrapping\details.txt
2025-03-16 14:13:16,681 - linkedin_scapper - INFO - Successfully extracted job title info
2025-03-16 14:13:16,681 - linkedin_scapper - INFO - Successfully extracted company name info
2025-03-16 14:13:16,682 - linkedin_scapper - INFO - Successfully extracted location/time/applicants info
2025-03-16 14:13:16,682 - linkedin_scapper - INFO - Successful extracted job role
2025-03-16 14:13:16,683 - linkedin_scapper - INFO - Successfully extracted detail information of the job
2025-03-16 14:13:16,683 - linkedin_scapper - INFO - Successfully created DataFrame with job information
2025-03-16 14:13:16,684 - linkedin_scapper - INFO - Processed job 17/21: Game Designer ( 6 - months internship) with verification
2025-03-16 14:13:32,461 - linkedin_scapper - INFO - Successfully saved page content to C:\Users\Hang Tan Tai\Documents\personal_space\selenium\web_scrapping\details.txt
2025-03-16 14:13:32,592 - linkedin_scapper - INFO - Successfully read file: C:\Users\Hang Tan Tai\Documents\personal_space\selenium\web_scrapping\details.txt
2025-03-16 14:13:32,666 - linkedin_scapper - INFO - Successfully extracted job title info
2025-03-16 14:13:32,667 - linkedin_scapper - INFO - Successfully extracted company name info
2025-03-16 14:13:32,667 - linkedin_scapper - INFO - Successfully extracted location/time/applicants info
2025-03-16 14:13:32,667 - linkedin_scapper - INFO - Successful extracted job role
2025-03-16 14:13:32,669 - linkedin_scapper - INFO - Successfully extracted detail information of the job
2025-03-16 14:13:32,669 - linkedin_scapper - INFO - Successfully created DataFrame with job information
2025-03-16 14:13:32,670 - linkedin_scapper - INFO - Processed job 18/21: Software Engineer Intern - Mobile with verification
2025-03-16 14:13:50,141 - linkedin_scapper - INFO - Successfully saved page content to C:\Users\Hang Tan Tai\Documents\personal_space\selenium\web_scrapping\details.txt
2025-03-16 14:13:50,243 - linkedin_scapper - INFO - Successfully read file: C:\Users\Hang Tan Tai\Documents\personal_space\selenium\web_scrapping\details.txt
2025-03-16 14:13:50,319 - linkedin_scapper - INFO - Successfully extracted job title info
2025-03-16 14:13:50,319 - linkedin_scapper - INFO - Successfully extracted company name info
2025-03-16 14:13:50,319 - linkedin_scapper - INFO - Successfully extracted location/time/applicants info
2025-03-16 14:13:50,320 - linkedin_scapper - INFO - Successful extracted job role
2025-03-16 14:13:50,320 - linkedin_scapper - INFO - Successfully extracted detail information of the job
2025-03-16 14:13:50,321 - linkedin_scapper - INFO - Successfully created DataFrame with job information
2025-03-16 14:13:50,321 - linkedin_scapper - INFO - Processed job 19/21: Technical Intern, BMC Software Engineer with verification
2025-03-16 14:14:14,810 - linkedin_scapper - WARNING - All extraction methods failed, using page_source as fallback
2025-03-16 14:14:15,015 - linkedin_scapper - INFO - Successfully saved page content to C:\Users\Hang Tan Tai\Documents\personal_space\selenium\web_scrapping\details.txt
2025-03-16 14:14:15,105 - linkedin_scapper - INFO - Successfully read file: C:\Users\Hang Tan Tai\Documents\personal_space\selenium\web_scrapping\details.txt
2025-03-16 14:14:15,179 - linkedin_scapper - INFO - Successfully extracted job title info
2025-03-16 14:14:15,180 - linkedin_scapper - INFO - Successfully extracted company name info
2025-03-16 14:14:15,180 - linkedin_scapper - INFO - Successfully extracted location/time/applicants info
2025-03-16 14:14:15,180 - linkedin_scapper - INFO - Successful extracted job role
2025-03-16 14:14:15,181 - linkedin_scapper - INFO - Successfully extracted detail information of the job
2025-03-16 14:14:15,182 - linkedin_scapper - INFO - Successfully created DataFrame with job information
2025-03-16 14:14:15,182 - linkedin_scapper - INFO - Processed job 20/21: DevOps Engineer Intern, KMS Healthcare
2025-03-16 14:14:32,335 - linkedin_scapper - INFO - Successfully saved page content to C:\Users\Hang Tan Tai\Documents\personal_space\selenium\web_scrapping\details.txt
2025-03-16 14:14:32,473 - linkedin_scapper - INFO - Successfully read file: C:\Users\Hang Tan Tai\Documents\personal_space\selenium\web_scrapping\details.txt
2025-03-16 14:14:32,555 - linkedin_scapper - INFO - Successfully extracted job title info
2025-03-16 14:14:32,555 - linkedin_scapper - INFO - Successfully extracted company name info
2025-03-16 14:14:32,555 - linkedin_scapper - INFO - Successfully extracted location/time/applicants info
2025-03-16 14:14:32,556 - linkedin_scapper - INFO - Successful extracted job role
2025-03-16 14:14:32,556 - linkedin_scapper - INFO - Successfully extracted detail information of the job
2025-03-16 14:14:32,556 - linkedin_scapper - INFO - Successfully created DataFrame with job information
2025-03-16 14:14:32,558 - linkedin_scapper - INFO - Processed job 21/21: Junior QA Engineer - Da Nang with verification
2025-03-16 14:14:32,559 - linkedin_scapper - ERROR - Critical error in main process: 'NoneType' object has no attribute 'empty'
2025-03-16 14:14:35,260 - linkedin_scapper - INFO - Browser session close
