2025-03-16 12:35:51,749 - linkedin_scapper - INFO - Chrome Driver initialized successfully
2025-03-16 12:36:02,464 - linkedin_scapper - INFO - Successfully logged into LinkedIn
2025-03-16 12:36:07,946 - linkedin_scapper - INFO - Found 3 pages total
2025-03-16 12:36:07,988 - linkedin_scapper - INFO - Starting extraction from page 1 of 3
2025-03-16 12:36:08,990 - linkedin_scapper - INFO - Successfully navigated to page 2
2025-03-16 12:36:09,308 - linkedin_scapper - INFO - Successfully navigated to page 3
2025-03-16 12:36:09,358 - linkedin_scapper - INFO - Already on the last page (3)
2025-03-16 12:36:09,358 - linkedin_scapper - INFO - Completed extraction from all pages
2025-03-16 12:36:09,359 - linkedin_scapper - INFO - Processing page 1 with URL: https://www.linkedin.com/jobs/search/?currentJobId=4169177152&distance=25&f_E=1&geoId=104195383&keywords=data%20engineer&origin=JOB_SEARCH_PAGE_JOB_FILTER&refresh=true
2025-03-16 12:36:16,238 - linkedin_scapper - INFO - Successfully saved page content to C:\Users\Hang Tan Tai\Documents\personal_space\selenium\web_scrapping\output.txt
2025-03-16 12:36:16,420 - linkedin_scapper - INFO - Successfully read file: C:\Users\Hang Tan Tai\Documents\personal_space\selenium\web_scrapping\output.txt
2025-03-16 12:36:16,481 - linkedin_scapper - INFO - Found 81 div tags in main container
2025-03-16 12:36:16,483 - linkedin_scapper - INFO - Successfully collected 0 job links
2025-03-16 12:36:16,483 - linkedin_scapper - INFO - Successfully extracted 0 links out of 0 found
2025-03-16 12:36:16,484 - linkedin_scapper - WARNING - No job links found on page 1
2025-03-16 12:36:16,484 - linkedin_scapper - INFO - Processing page 2 with URL: https://www.linkedin.com/jobs/search/?currentJobId=4139722965&distance=25&f_E=1&geoId=104195383&keywords=data%20engineer&origin=JOB_SEARCH_PAGE_JOB_FILTER&refresh=true&start=25
2025-03-16 12:36:24,178 - linkedin_scapper - INFO - Successfully saved page content to C:\Users\Hang Tan Tai\Documents\personal_space\selenium\web_scrapping\output.txt
2025-03-16 12:36:24,323 - linkedin_scapper - INFO - Successfully read file: C:\Users\Hang Tan Tai\Documents\personal_space\selenium\web_scrapping\output.txt
2025-03-16 12:36:24,406 - linkedin_scapper - INFO - Found 106 div tags in main container
2025-03-16 12:36:24,411 - linkedin_scapper - INFO - Successfully collected 7 job links
2025-03-16 12:36:24,411 - linkedin_scapper - INFO - Successfully extracted 7 links out of 7 found
2025-03-16 12:36:24,412 - linkedin_scapper - INFO - Extracted 7 job links from page 2
2025-03-16 12:36:24,412 - linkedin_scapper - INFO - Processing page 3 with URL: https://www.linkedin.com/jobs/search/?currentJobId=4139722965&distance=25&f_E=1&geoId=104195383&keywords=data%20engineer&origin=JOB_SEARCH_PAGE_JOB_FILTER&refresh=true&start=50
2025-03-16 12:36:30,673 - linkedin_scapper - INFO - Successfully saved page content to C:\Users\Hang Tan Tai\Documents\personal_space\selenium\web_scrapping\output.txt
2025-03-16 12:36:30,789 - linkedin_scapper - INFO - Successfully read file: C:\Users\Hang Tan Tai\Documents\personal_space\selenium\web_scrapping\output.txt
2025-03-16 12:36:30,982 - linkedin_scapper - INFO - Found 81 div tags in main container
2025-03-16 12:36:30,984 - linkedin_scapper - INFO - Successfully collected 0 job links
2025-03-16 12:36:30,984 - linkedin_scapper - INFO - Successfully extracted 0 links out of 0 found
2025-03-16 12:36:30,984 - linkedin_scapper - WARNING - No job links found on page 3
2025-03-16 12:36:30,985 - linkedin_scapper - INFO - Total job links extracted from all pages: 7
2025-03-16 12:36:30,995 - linkedin_scapper - INFO - Starting to process 7 job links
2025-03-16 12:36:30,996 - linkedin_scapper - ERROR - Critical error in job processing: 'list' object has no attribute 'items'
2025-03-16 12:36:30,996 - linkedin_scapper - WARNING - No job data to save
2025-03-16 12:36:33,448 - linkedin_scapper - INFO - Browser session close
