2025-03-16 13:21:37,368 - linkedin_scapper - INFO - Chrome Driver initialized successfully
2025-03-16 13:22:05,834 - linkedin_scapper - INFO - Successfully logged into LinkedIn
2025-03-16 13:22:20,291 - linkedin_scapper - INFO - Found 3 pages total
2025-03-16 13:22:20,353 - linkedin_scapper - INFO - Starting extraction from page 1 of 3
2025-03-16 13:22:20,762 - linkedin_scapper - INFO - Successfully navigated to page 2
2025-03-16 13:22:21,862 - linkedin_scapper - ERROR - Error navigating to next page: Message: element click intercepted: Element <button aria-label="Page 3" type="button" data-ember-action="" data-ember-action-413="413">...</button> is not clickable at point (270, 636). Other element would receive the click: <div class="scaffold-layout__list " tabindex="-1">...</div>
  (Session info: chrome=134.0.6998.89)
Stacktrace:
	GetHandleVerifier [0x00007FF63FE0FE45+26629]
	(No symbol) [0x00007FF63FD76010]
	(No symbol) [0x00007FF63FC0931A]
	(No symbol) [0x00007FF63FC677A9]
	(No symbol) [0x00007FF63FC65162]
	(No symbol) [0x00007FF63FC62201]
	(No symbol) [0x00007FF63FC61108]
	(No symbol) [0x00007FF63FC528A4]
	(No symbol) [0x00007FF63FC87AAA]
	(No symbol) [0x00007FF63FC52156]
	(No symbol) [0x00007FF63FC87CC0]
	(No symbol) [0x00007FF63FCB0169]
	(No symbol) [0x00007FF63FC87883]
	(No symbol) [0x00007FF63FC50550]
	(No symbol) [0x00007FF63FC51803]
	GetHandleVerifier [0x00007FF6401672BD+3529853]
	GetHandleVerifier [0x00007FF64017DA22+3621858]
	GetHandleVerifier [0x00007FF6401724D3+3575443]
	GetHandleVerifier [0x00007FF63FEDB77A+860474]
	(No symbol) [0x00007FF63FD8088F]
	(No symbol) [0x00007FF63FD7CBC4]
	(No symbol) [0x00007FF63FD7CD66]
	(No symbol) [0x00007FF63FD6C2C9]
	BaseThreadInitThunk [0x00007FFAEDB7E8D7+23]
	RtlUserThreadStart [0x00007FFAEFB3BF6C+44]

2025-03-16 13:22:21,864 - linkedin_scapper - INFO - Completed extraction from all pages
2025-03-16 13:22:21,865 - linkedin_scapper - INFO - Processing page 1 with URL: https://www.linkedin.com/jobs/search/?currentJobId=4169177152&distance=25&f_E=1&geoId=104195383&keywords=data%20engineer&origin=JOB_SEARCH_PAGE_JOB_FILTER&refresh=true
2025-03-16 13:22:37,177 - linkedin_scapper - INFO - Successfully saved page content to C:\Users\Hang Tan Tai\Documents\personal_space\selenium\web_scrapping\output.txt
2025-03-16 13:22:37,413 - linkedin_scapper - INFO - Successfully read file: C:\Users\Hang Tan Tai\Documents\personal_space\selenium\web_scrapping\output.txt
2025-03-16 13:22:37,461 - linkedin_scapper - INFO - Found 81 div tags in main container
2025-03-16 13:22:37,463 - linkedin_scapper - INFO - Successfully collected 0 job links
2025-03-16 13:22:37,463 - linkedin_scapper - INFO - Successfully extracted 0 links out of 0 found
2025-03-16 13:22:37,463 - linkedin_scapper - WARNING - No job links found on page 1
2025-03-16 13:22:37,463 - linkedin_scapper - INFO - Processing page 2 with URL: https://www.linkedin.com/jobs/search/?currentJobId=4169177152&distance=25&f_E=1&geoId=104195383&keywords=data%20engineer&origin=JOB_SEARCH_PAGE_JOB_FILTER&refresh=true&start=25
