2025-03-16 14:20:56,500 - linkedin_scapper - INFO - Chrome Driver initialized successfully
2025-03-16 14:21:06,799 - linkedin_scapper - INFO - Successfully logged into LinkedIn
2025-03-16 14:21:12,420 - linkedin_scapper - INFO - Found 3 pages total
2025-03-16 14:21:12,501 - linkedin_scapper - INFO - Starting extraction from page 1 of 3
2025-03-16 14:21:15,061 - linkedin_scapper - INFO - Successfully navigated to page 2
2025-03-16 14:21:16,699 - linkedin_scapper - INFO - Successfully navigated to page 3
2025-03-16 14:21:17,054 - linkedin_scapper - INFO - Already on the last page (3)
2025-03-16 14:21:17,055 - linkedin_scapper - INFO - Completed extraction from all pages
2025-03-16 14:21:17,056 - linkedin_scapper - INFO - Processing page 1 with URL: https://www.linkedin.com/jobs/search/?currentJobId=4169177152&distance=25&f_E=1&geoId=104195383&keywords=data%20engineer&origin=JOB_SEARCH_PAGE_JOB_FILTER&refresh=true
2025-03-16 14:21:35,226 - linkedin_scapper - INFO - Successfully saved page content to C:\Users\Hang Tan Tai\Documents\personal_space\selenium\web_scrapping\output.txt
2025-03-16 14:21:35,339 - linkedin_scapper - INFO - Successfully read file: C:\Users\Hang Tan Tai\Documents\personal_space\selenium\web_scrapping\output.txt
2025-03-16 14:21:35,426 - linkedin_scapper - INFO - Found 122 div tags in main container
2025-03-16 14:21:35,433 - linkedin_scapper - INFO - Successfully collected 7 job links
2025-03-16 14:21:35,433 - linkedin_scapper - INFO - Successfully extracted 7 links out of 7 found
2025-03-16 14:21:35,434 - linkedin_scapper - INFO - Extracted 7 job links from page 1
2025-03-16 14:21:35,434 - linkedin_scapper - INFO - Processing page 2 with URL: https://www.linkedin.com/jobs/search/?currentJobId=4139722965&distance=25&f_E=1&geoId=104195383&keywords=data%20engineer&origin=JOB_SEARCH_PAGE_JOB_FILTER&refresh=true&start=25
2025-03-16 14:21:55,713 - linkedin_scapper - INFO - Successfully saved page content to C:\Users\Hang Tan Tai\Documents\personal_space\selenium\web_scrapping\output.txt
2025-03-16 14:21:55,834 - linkedin_scapper - INFO - Successfully read file: C:\Users\Hang Tan Tai\Documents\personal_space\selenium\web_scrapping\output.txt
2025-03-16 14:21:56,029 - linkedin_scapper - INFO - Found 116 div tags in main container
2025-03-16 14:21:56,036 - linkedin_scapper - INFO - Successfully collected 7 job links
2025-03-16 14:21:56,036 - linkedin_scapper - INFO - Successfully extracted 7 links out of 7 found
2025-03-16 14:21:56,036 - linkedin_scapper - INFO - Extracted 7 job links from page 2
2025-03-16 14:21:56,038 - linkedin_scapper - INFO - Processing page 3 with URL: https://www.linkedin.com/jobs/search/?currentJobId=4167553214&distance=25&f_E=1&geoId=104195383&keywords=data%20engineer&origin=JOB_SEARCH_PAGE_JOB_FILTER&refresh=true&start=50
2025-03-16 14:22:15,612 - linkedin_scapper - INFO - Successfully saved page content to C:\Users\Hang Tan Tai\Documents\personal_space\selenium\web_scrapping\output.txt
2025-03-16 14:22:15,722 - linkedin_scapper - INFO - Successfully read file: C:\Users\Hang Tan Tai\Documents\personal_space\selenium\web_scrapping\output.txt
2025-03-16 14:22:15,809 - linkedin_scapper - INFO - Found 112 div tags in main container
2025-03-16 14:22:15,816 - linkedin_scapper - INFO - Successfully collected 7 job links
2025-03-16 14:22:15,816 - linkedin_scapper - INFO - Successfully extracted 7 links out of 7 found
2025-03-16 14:22:15,816 - linkedin_scapper - INFO - Extracted 7 job links from page 3
2025-03-16 14:22:15,816 - linkedin_scapper - INFO - Total job links extracted from all pages: 21
2025-03-16 14:22:15,833 - linkedin_scapper - INFO - Starting to process 21 job links from dictionary
2025-03-16 14:22:19,350 - linkedin_scapper - INFO - Successfully read file: C:\Users\Hang Tan Tai\Documents\personal_space\selenium\web_scrapping\details.txt
2025-03-16 14:22:19,425 - linkedin_scapper - INFO - Successfully extracted job title info
2025-03-16 14:22:19,426 - linkedin_scapper - INFO - Successfully extracted company name info
2025-03-16 14:22:19,426 - linkedin_scapper - INFO - Successfully extracted location/time/applicants info
2025-03-16 14:22:19,428 - linkedin_scapper - INFO - Successful extracted job role
2025-03-16 14:22:19,429 - linkedin_scapper - INFO - Successfully extracted detail information of the job
2025-03-16 14:22:19,433 - linkedin_scapper - INFO - Successfully created DataFrame with job information
2025-03-16 14:22:19,436 - linkedin_scapper - INFO - Processed job 1/21: Data Engineer Intern with verification
2025-03-16 14:22:23,542 - linkedin_scapper - INFO - Successfully read file: C:\Users\Hang Tan Tai\Documents\personal_space\selenium\web_scrapping\details.txt
2025-03-16 14:22:23,614 - linkedin_scapper - INFO - Successfully extracted job title info
2025-03-16 14:22:23,615 - linkedin_scapper - INFO - Successfully extracted company name info
2025-03-16 14:22:23,616 - linkedin_scapper - INFO - Successfully extracted location/time/applicants info
2025-03-16 14:22:23,616 - linkedin_scapper - INFO - Successful extracted job role
2025-03-16 14:22:23,617 - linkedin_scapper - INFO - Successfully extracted detail information of the job
2025-03-16 14:22:23,619 - linkedin_scapper - INFO - Successfully created DataFrame with job information
2025-03-16 14:22:23,623 - linkedin_scapper - INFO - Processed job 2/21: Data Engineer Intern
2025-03-16 14:22:27,000 - linkedin_scapper - INFO - Successfully read file: C:\Users\Hang Tan Tai\Documents\personal_space\selenium\web_scrapping\details.txt
2025-03-16 14:22:27,090 - linkedin_scapper - INFO - Successfully extracted job title info
2025-03-16 14:22:27,091 - linkedin_scapper - INFO - Successfully extracted company name info
2025-03-16 14:22:27,091 - linkedin_scapper - INFO - Successfully extracted location/time/applicants info
2025-03-16 14:22:27,092 - linkedin_scapper - INFO - Successful extracted job role
2025-03-16 14:22:27,093 - linkedin_scapper - INFO - Successfully extracted detail information of the job
2025-03-16 14:22:27,094 - linkedin_scapper - INFO - Successfully created DataFrame with job information
2025-03-16 14:22:27,095 - linkedin_scapper - INFO - Processed job 3/21: Software Intern (Fullstack), Digital Business
2025-03-16 14:22:31,474 - linkedin_scapper - INFO - Successfully read file: C:\Users\Hang Tan Tai\Documents\personal_space\selenium\web_scrapping\details.txt
2025-03-16 14:22:31,606 - linkedin_scapper - INFO - Successfully extracted job title info
2025-03-16 14:22:31,609 - linkedin_scapper - INFO - Successfully extracted company name info
2025-03-16 14:22:31,610 - linkedin_scapper - INFO - Successfully extracted location/time/applicants info
2025-03-16 14:22:31,610 - linkedin_scapper - INFO - Successful extracted job role
2025-03-16 14:22:31,612 - linkedin_scapper - INFO - Successfully extracted detail information of the job
2025-03-16 14:22:31,613 - linkedin_scapper - INFO - Successfully created DataFrame with job information
2025-03-16 14:22:31,614 - linkedin_scapper - INFO - Processed job 4/21: Technical Intern, SLT Data Application Engineer with verification
2025-03-16 14:22:35,201 - linkedin_scapper - INFO - Successfully read file: C:\Users\Hang Tan Tai\Documents\personal_space\selenium\web_scrapping\details.txt
2025-03-16 14:22:35,259 - linkedin_scapper - INFO - Successfully extracted job title info
2025-03-16 14:22:35,260 - linkedin_scapper - INFO - Successfully extracted company name info
2025-03-16 14:22:35,260 - linkedin_scapper - INFO - Successfully extracted location/time/applicants info
2025-03-16 14:22:35,261 - linkedin_scapper - INFO - Successful extracted job role
2025-03-16 14:22:35,262 - linkedin_scapper - INFO - Successfully extracted detail information of the job
2025-03-16 14:22:35,263 - linkedin_scapper - INFO - Successfully created DataFrame with job information
2025-03-16 14:22:35,263 - linkedin_scapper - INFO - Processed job 5/21: Software Engineer Intern - QA with verification
2025-03-16 14:22:38,803 - linkedin_scapper - INFO - Successfully read file: C:\Users\Hang Tan Tai\Documents\personal_space\selenium\web_scrapping\details.txt
2025-03-16 14:22:38,882 - linkedin_scapper - INFO - Successfully extracted job title info
2025-03-16 14:22:38,883 - linkedin_scapper - INFO - Successfully extracted company name info
2025-03-16 14:22:38,883 - linkedin_scapper - INFO - Successfully extracted location/time/applicants info
2025-03-16 14:22:38,884 - linkedin_scapper - INFO - Successful extracted job role
2025-03-16 14:22:38,885 - linkedin_scapper - INFO - Successfully extracted detail information of the job
2025-03-16 14:22:38,886 - linkedin_scapper - INFO - Successfully created DataFrame with job information
2025-03-16 14:22:38,887 - linkedin_scapper - INFO - Processed job 6/21: Software Engineer Intern - Work in Hue
2025-03-16 14:22:42,815 - linkedin_scapper - INFO - Successfully read file: C:\Users\Hang Tan Tai\Documents\personal_space\selenium\web_scrapping\details.txt
2025-03-16 14:22:42,871 - linkedin_scapper - INFO - Successfully extracted job title info
2025-03-16 14:22:42,872 - linkedin_scapper - INFO - Successfully extracted company name info
2025-03-16 14:22:42,872 - linkedin_scapper - INFO - Successfully extracted location/time/applicants info
2025-03-16 14:22:42,872 - linkedin_scapper - INFO - Successful extracted job role
2025-03-16 14:22:42,874 - linkedin_scapper - INFO - Successfully extracted detail information of the job
2025-03-16 14:22:42,874 - linkedin_scapper - INFO - Successfully created DataFrame with job information
2025-03-16 14:22:42,875 - linkedin_scapper - INFO - Processed job 7/21: (DN/HN) Internship Embedded Software Engineer
2025-03-16 14:22:46,642 - linkedin_scapper - INFO - Successfully read file: C:\Users\Hang Tan Tai\Documents\personal_space\selenium\web_scrapping\details.txt
2025-03-16 14:22:46,699 - linkedin_scapper - INFO - Successfully extracted job title info
2025-03-16 14:22:46,699 - linkedin_scapper - INFO - Successfully extracted company name info
2025-03-16 14:22:46,699 - linkedin_scapper - INFO - Successfully extracted location/time/applicants info
2025-03-16 14:22:46,700 - linkedin_scapper - INFO - Successful extracted job role
2025-03-16 14:22:46,701 - linkedin_scapper - INFO - Successfully extracted detail information of the job
2025-03-16 14:22:46,702 - linkedin_scapper - INFO - Successfully created DataFrame with job information
2025-03-16 14:22:46,703 - linkedin_scapper - INFO - Processed job 8/21: Software Engineer Intern - Backend with verification
2025-03-16 14:22:50,096 - linkedin_scapper - INFO - Successfully read file: C:\Users\Hang Tan Tai\Documents\personal_space\selenium\web_scrapping\details.txt
2025-03-16 14:22:50,169 - linkedin_scapper - INFO - Successfully extracted job title info
2025-03-16 14:22:50,170 - linkedin_scapper - INFO - Successfully extracted company name info
2025-03-16 14:22:50,171 - linkedin_scapper - INFO - Successfully extracted location/time/applicants info
2025-03-16 14:22:50,171 - linkedin_scapper - INFO - Successful extracted job role
2025-03-16 14:22:50,172 - linkedin_scapper - INFO - Successfully extracted detail information of the job
2025-03-16 14:22:50,173 - linkedin_scapper - INFO - Successfully created DataFrame with job information
2025-03-16 14:22:50,174 - linkedin_scapper - INFO - Processed job 9/21: QC Engineer Intern - Work in Da Nang
2025-03-16 14:22:53,854 - linkedin_scapper - INFO - Successfully read file: C:\Users\Hang Tan Tai\Documents\personal_space\selenium\web_scrapping\details.txt
2025-03-16 14:22:54,105 - linkedin_scapper - INFO - Successfully extracted job title info
2025-03-16 14:22:54,106 - linkedin_scapper - INFO - Successfully extracted company name info
2025-03-16 14:22:54,106 - linkedin_scapper - INFO - Successfully extracted location/time/applicants info
2025-03-16 14:22:54,107 - linkedin_scapper - INFO - Successful extracted job role
2025-03-16 14:22:54,108 - linkedin_scapper - INFO - Successfully extracted detail information of the job
2025-03-16 14:22:54,109 - linkedin_scapper - INFO - Successfully created DataFrame with job information
2025-03-16 14:22:54,110 - linkedin_scapper - INFO - Processed job 10/21: Game Development Fresher with verification
2025-03-16 14:22:57,841 - linkedin_scapper - INFO - Successfully read file: C:\Users\Hang Tan Tai\Documents\personal_space\selenium\web_scrapping\details.txt
2025-03-16 14:22:57,925 - linkedin_scapper - INFO - Successfully extracted job title info
2025-03-16 14:22:57,926 - linkedin_scapper - INFO - Successfully extracted company name info
2025-03-16 14:22:57,926 - linkedin_scapper - INFO - Successfully extracted location/time/applicants info
2025-03-16 14:22:57,926 - linkedin_scapper - INFO - Successful extracted job role
2025-03-16 14:22:57,928 - linkedin_scapper - INFO - Successfully extracted detail information of the job
2025-03-16 14:22:57,929 - linkedin_scapper - INFO - Successfully created DataFrame with job information
2025-03-16 14:22:57,929 - linkedin_scapper - INFO - Processed job 11/21: Technical Intern, SLT QA Engineer with verification
2025-03-16 14:23:02,254 - linkedin_scapper - INFO - Successfully read file: C:\Users\Hang Tan Tai\Documents\personal_space\selenium\web_scrapping\details.txt
2025-03-16 14:23:02,326 - linkedin_scapper - INFO - Successfully extracted job title info
2025-03-16 14:23:02,327 - linkedin_scapper - INFO - Successfully extracted company name info
2025-03-16 14:23:02,327 - linkedin_scapper - INFO - Successfully extracted location/time/applicants info
2025-03-16 14:23:02,328 - linkedin_scapper - INFO - Successful extracted job role
2025-03-16 14:23:02,328 - linkedin_scapper - INFO - Successfully extracted detail information of the job
2025-03-16 14:23:02,329 - linkedin_scapper - INFO - Successfully created DataFrame with job information
2025-03-16 14:23:02,331 - linkedin_scapper - INFO - Processed job 12/21: (DN) Internship Full-stack Developer
2025-03-16 14:23:06,387 - linkedin_scapper - INFO - Successfully read file: C:\Users\Hang Tan Tai\Documents\personal_space\selenium\web_scrapping\details.txt
2025-03-16 14:23:06,483 - linkedin_scapper - INFO - Successfully extracted job title info
2025-03-16 14:23:06,483 - linkedin_scapper - INFO - Successfully extracted company name info
2025-03-16 14:23:06,484 - linkedin_scapper - INFO - Successfully extracted location/time/applicants info
2025-03-16 14:23:06,485 - linkedin_scapper - INFO - Successful extracted job role
2025-03-16 14:23:06,486 - linkedin_scapper - INFO - Successfully extracted detail information of the job
2025-03-16 14:23:06,486 - linkedin_scapper - INFO - Successfully created DataFrame with job information
2025-03-16 14:23:06,488 - linkedin_scapper - INFO - Processed job 13/21: Game Designer Intern with verification
2025-03-16 14:23:11,079 - linkedin_scapper - INFO - Successfully read file: C:\Users\Hang Tan Tai\Documents\personal_space\selenium\web_scrapping\details.txt
2025-03-16 14:23:11,169 - linkedin_scapper - INFO - Successfully extracted job title info
2025-03-16 14:23:11,169 - linkedin_scapper - INFO - Successfully extracted company name info
2025-03-16 14:23:11,170 - linkedin_scapper - INFO - Successfully extracted location/time/applicants info
2025-03-16 14:23:11,170 - linkedin_scapper - INFO - Successful extracted job role
2025-03-16 14:23:11,171 - linkedin_scapper - INFO - Successfully extracted detail information of the job
2025-03-16 14:23:11,172 - linkedin_scapper - INFO - Successfully created DataFrame with job information
2025-03-16 14:23:11,174 - linkedin_scapper - INFO - Processed job 14/21: Software Test Engineer Intern (QA/QC/Tester intern), KMS Healthcare
2025-03-16 14:23:15,626 - linkedin_scapper - INFO - Successfully read file: C:\Users\Hang Tan Tai\Documents\personal_space\selenium\web_scrapping\details.txt
2025-03-16 14:23:15,700 - linkedin_scapper - INFO - Successfully extracted job title info
2025-03-16 14:23:15,700 - linkedin_scapper - INFO - Successfully extracted company name info
2025-03-16 14:23:15,701 - linkedin_scapper - INFO - Successfully extracted location/time/applicants info
2025-03-16 14:23:15,702 - linkedin_scapper - INFO - Successful extracted job role
2025-03-16 14:23:15,703 - linkedin_scapper - INFO - Successfully extracted detail information of the job
2025-03-16 14:23:15,704 - linkedin_scapper - INFO - Successfully created DataFrame with job information
2025-03-16 14:23:15,705 - linkedin_scapper - INFO - Processed job 15/21: C++ Game Programmer (6-month Full-time Working Internship) with verification
2025-03-16 14:23:19,403 - linkedin_scapper - INFO - Successfully read file: C:\Users\Hang Tan Tai\Documents\personal_space\selenium\web_scrapping\details.txt
2025-03-16 14:23:19,468 - linkedin_scapper - INFO - Successfully extracted job title info
2025-03-16 14:23:19,469 - linkedin_scapper - INFO - Successfully extracted company name info
2025-03-16 14:23:19,470 - linkedin_scapper - INFO - Successfully extracted location/time/applicants info
2025-03-16 14:23:19,470 - linkedin_scapper - INFO - Successful extracted job role
2025-03-16 14:23:19,472 - linkedin_scapper - INFO - Successfully extracted detail information of the job
2025-03-16 14:23:19,472 - linkedin_scapper - INFO - Successfully created DataFrame with job information
2025-03-16 14:23:19,473 - linkedin_scapper - INFO - Processed job 16/21: Software Engineer Intern - Mobile with verification
2025-03-16 14:23:23,169 - linkedin_scapper - INFO - Successfully read file: C:\Users\Hang Tan Tai\Documents\personal_space\selenium\web_scrapping\details.txt
2025-03-16 14:23:23,242 - linkedin_scapper - INFO - Successfully extracted job title info
2025-03-16 14:23:23,243 - linkedin_scapper - INFO - Successfully extracted company name info
2025-03-16 14:23:23,243 - linkedin_scapper - INFO - Successfully extracted location/time/applicants info
2025-03-16 14:23:23,244 - linkedin_scapper - INFO - Successful extracted job role
2025-03-16 14:23:23,246 - linkedin_scapper - INFO - Successfully extracted detail information of the job
2025-03-16 14:23:23,247 - linkedin_scapper - INFO - Successfully created DataFrame with job information
2025-03-16 14:23:23,248 - linkedin_scapper - INFO - Processed job 17/21: Software Engineer Intern - Frontend with verification
2025-03-16 14:23:26,915 - linkedin_scapper - INFO - Successfully read file: C:\Users\Hang Tan Tai\Documents\personal_space\selenium\web_scrapping\details.txt
2025-03-16 14:23:27,004 - linkedin_scapper - INFO - Successfully extracted job title info
2025-03-16 14:23:27,004 - linkedin_scapper - INFO - Successfully extracted company name info
2025-03-16 14:23:27,005 - linkedin_scapper - INFO - Successfully extracted location/time/applicants info
2025-03-16 14:23:27,005 - linkedin_scapper - INFO - Successful extracted job role
2025-03-16 14:23:27,007 - linkedin_scapper - INFO - Successfully extracted detail information of the job
2025-03-16 14:23:27,007 - linkedin_scapper - INFO - Successfully created DataFrame with job information
2025-03-16 14:23:27,008 - linkedin_scapper - INFO - Processed job 18/21: Game Designer ( 6 - months internship) with verification
2025-03-16 14:23:30,695 - linkedin_scapper - INFO - Successfully read file: C:\Users\Hang Tan Tai\Documents\personal_space\selenium\web_scrapping\details.txt
2025-03-16 14:23:30,832 - linkedin_scapper - INFO - Successfully extracted job title info
2025-03-16 14:23:30,833 - linkedin_scapper - INFO - Successfully extracted company name info
2025-03-16 14:23:30,833 - linkedin_scapper - INFO - Successfully extracted location/time/applicants info
2025-03-16 14:23:30,834 - linkedin_scapper - INFO - Successful extracted job role
2025-03-16 14:23:30,836 - linkedin_scapper - INFO - Successfully extracted detail information of the job
2025-03-16 14:23:30,836 - linkedin_scapper - INFO - Successfully created DataFrame with job information
2025-03-16 14:23:30,838 - linkedin_scapper - INFO - Processed job 19/21: DevOps Engineer Intern, KMS Healthcare
2025-03-16 14:23:35,945 - linkedin_scapper - INFO - Successfully read file: C:\Users\Hang Tan Tai\Documents\personal_space\selenium\web_scrapping\details.txt
2025-03-16 14:23:36,031 - linkedin_scapper - INFO - Successfully extracted job title info
2025-03-16 14:23:36,033 - linkedin_scapper - INFO - Successfully extracted company name info
2025-03-16 14:23:36,033 - linkedin_scapper - INFO - Successfully extracted location/time/applicants info
2025-03-16 14:23:36,034 - linkedin_scapper - INFO - Successful extracted job role
2025-03-16 14:23:36,035 - linkedin_scapper - INFO - Successfully extracted detail information of the job
2025-03-16 14:23:36,036 - linkedin_scapper - INFO - Successfully created DataFrame with job information
2025-03-16 14:23:36,040 - linkedin_scapper - INFO - Processed job 20/21: Technical Intern, BMC Software Engineer with verification
2025-03-16 14:23:39,618 - linkedin_scapper - INFO - Successfully read file: C:\Users\Hang Tan Tai\Documents\personal_space\selenium\web_scrapping\details.txt
2025-03-16 14:23:39,690 - linkedin_scapper - INFO - Successfully extracted job title info
2025-03-16 14:23:39,691 - linkedin_scapper - INFO - Successfully extracted company name info
2025-03-16 14:23:39,692 - linkedin_scapper - INFO - Successfully extracted location/time/applicants info
2025-03-16 14:23:39,692 - linkedin_scapper - INFO - Successful extracted job role
2025-03-16 14:23:39,693 - linkedin_scapper - INFO - Successfully extracted detail information of the job
2025-03-16 14:23:39,695 - linkedin_scapper - INFO - Successfully created DataFrame with job information
2025-03-16 14:23:39,696 - linkedin_scapper - INFO - Processed job 21/21: Junior AI Software Engineer with verification
2025-03-16 14:23:39,696 - linkedin_scapper - INFO - Successfully processed 21 out of 21 jobs
2025-03-16 14:23:39,729 - linkedin_scapper - INFO - Successfully saved job data to C:\Users\Hang Tan Tai\Documents\personal_space\selenium\web_scrapping\job_data.csv
2025-03-16 14:23:40,506 - linkedin_scapper - INFO - Successfully uploaded C:\Users\Hang Tan Tai\Documents\personal_space\selenium\web_scrapping\job_data.csv to s3://linkedin-job-data/job_data.csv
2025-03-16 14:23:40,508 - linkedin_scapper - INFO - Successfully uploaded job data to S3 with key: job_data.csv
2025-03-16 14:23:40,508 - linkedin_scapper - INFO - Successfully uploaded job data to S3 bucket: linkedin-job-data
2025-03-16 14:23:43,273 - linkedin_scapper - INFO - Browser session close
