2025-03-16 14:18:43,328 - linkedin_scapper - INFO - Chrome Driver initialized successfully
2025-03-16 14:18:58,723 - linkedin_scapper - INFO - Successfully logged into LinkedIn
2025-03-16 14:19:05,073 - linkedin_scapper - INFO - Found 3 pages total
2025-03-16 14:19:05,118 - linkedin_scapper - INFO - Starting extraction from page 1 of 3
2025-03-16 14:19:06,356 - linkedin_scapper - INFO - Successfully navigated to page 2
2025-03-16 14:19:08,194 - linkedin_scapper - INFO - Successfully navigated to page 3
2025-03-16 14:19:09,063 - linkedin_scapper - INFO - Already on the last page (3)
2025-03-16 14:19:09,064 - linkedin_scapper - INFO - Completed extraction from all pages
2025-03-16 14:19:09,066 - linkedin_scapper - INFO - Processing page 1 with URL: https://www.linkedin.com/jobs/search/?currentJobId=4169177152&distance=25&f_E=1&geoId=104195383&keywords=data%20engineer&origin=JOB_SEARCH_PAGE_JOB_FILTER&refresh=true
2025-03-16 14:19:33,035 - linkedin_scapper - INFO - Successfully saved page content to C:\Users\Hang Tan Tai\Documents\personal_space\selenium\web_scrapping\output.txt
2025-03-16 14:19:33,164 - linkedin_scapper - INFO - Successfully read file: C:\Users\Hang Tan Tai\Documents\personal_space\selenium\web_scrapping\output.txt
2025-03-16 14:19:33,249 - linkedin_scapper - INFO - Found 122 div tags in main container
2025-03-16 14:19:33,256 - linkedin_scapper - INFO - Successfully collected 7 job links
2025-03-16 14:19:33,256 - linkedin_scapper - INFO - Successfully extracted 7 links out of 7 found
2025-03-16 14:19:33,256 - linkedin_scapper - INFO - Extracted 7 job links from page 1
2025-03-16 14:19:33,256 - linkedin_scapper - INFO - Processing page 2 with URL: https://www.linkedin.com/jobs/search/?currentJobId=4139722965&distance=25&f_E=1&geoId=104195383&keywords=data%20engineer&origin=JOB_SEARCH_PAGE_JOB_FILTER&refresh=true&start=25
2025-03-16 14:19:51,845 - linkedin_scapper - INFO - Successfully saved page content to C:\Users\Hang Tan Tai\Documents\personal_space\selenium\web_scrapping\output.txt
2025-03-16 14:19:51,973 - linkedin_scapper - INFO - Successfully read file: C:\Users\Hang Tan Tai\Documents\personal_space\selenium\web_scrapping\output.txt
2025-03-16 14:19:52,156 - linkedin_scapper - INFO - Found 116 div tags in main container
2025-03-16 14:19:52,160 - linkedin_scapper - INFO - Successfully collected 7 job links
2025-03-16 14:19:52,161 - linkedin_scapper - INFO - Successfully extracted 7 links out of 7 found
2025-03-16 14:19:52,161 - linkedin_scapper - INFO - Extracted 7 job links from page 2
2025-03-16 14:19:52,161 - linkedin_scapper - INFO - Processing page 3 with URL: https://www.linkedin.com/jobs/search/?currentJobId=4167553214&distance=25&f_E=1&geoId=104195383&keywords=data%20engineer&origin=JOB_SEARCH_PAGE_JOB_FILTER&refresh=true&start=50
2025-03-16 14:20:14,434 - linkedin_scapper - INFO - Successfully saved page content to C:\Users\Hang Tan Tai\Documents\personal_space\selenium\web_scrapping\output.txt
2025-03-16 14:20:14,561 - linkedin_scapper - INFO - Successfully read file: C:\Users\Hang Tan Tai\Documents\personal_space\selenium\web_scrapping\output.txt
2025-03-16 14:20:14,646 - linkedin_scapper - INFO - Found 112 div tags in main container
2025-03-16 14:20:14,651 - linkedin_scapper - INFO - Successfully collected 7 job links
2025-03-16 14:20:14,651 - linkedin_scapper - INFO - Successfully extracted 7 links out of 7 found
2025-03-16 14:20:14,652 - linkedin_scapper - INFO - Extracted 7 job links from page 3
2025-03-16 14:20:14,652 - linkedin_scapper - INFO - Total job links extracted from all pages: 21
2025-03-16 14:20:14,670 - linkedin_scapper - INFO - Starting to process 21 job links from dictionary
2025-03-16 14:20:14,671 - linkedin_scapper - ERROR - Failed to process job Data Engineer Intern with verification: 'ProcessJobCommand' object has no attribute '_save_page_direct'
2025-03-16 14:20:14,671 - linkedin_scapper - ERROR - Failed to process job Data Engineer Intern: 'ProcessJobCommand' object has no attribute '_save_page_direct'
2025-03-16 14:20:14,672 - linkedin_scapper - ERROR - Failed to process job Software Intern (Fullstack), Digital Business: 'ProcessJobCommand' object has no attribute '_save_page_direct'
2025-03-16 14:20:14,672 - linkedin_scapper - ERROR - Failed to process job Technical Intern, SLT Data Application Engineer with verification: 'ProcessJobCommand' object has no attribute '_save_page_direct'
2025-03-16 14:20:14,672 - linkedin_scapper - ERROR - Failed to process job Software Engineer Intern - QA with verification: 'ProcessJobCommand' object has no attribute '_save_page_direct'
2025-03-16 14:20:14,672 - linkedin_scapper - ERROR - Failed to process job Software Engineer Intern - Work in Hue: 'ProcessJobCommand' object has no attribute '_save_page_direct'
2025-03-16 14:20:14,673 - linkedin_scapper - ERROR - Failed to process job (DN/HN) Internship Embedded Software Engineer: 'ProcessJobCommand' object has no attribute '_save_page_direct'
2025-03-16 14:20:14,673 - linkedin_scapper - ERROR - Failed to process job Software Engineer Intern - Backend with verification: 'ProcessJobCommand' object has no attribute '_save_page_direct'
2025-03-16 14:20:14,674 - linkedin_scapper - ERROR - Failed to process job QC Engineer Intern - Work in Da Nang: 'ProcessJobCommand' object has no attribute '_save_page_direct'
2025-03-16 14:20:14,674 - linkedin_scapper - ERROR - Failed to process job Game Development Fresher with verification: 'ProcessJobCommand' object has no attribute '_save_page_direct'
2025-03-16 14:20:14,674 - linkedin_scapper - ERROR - Failed to process job (DN) Internship Full-stack Developer: 'ProcessJobCommand' object has no attribute '_save_page_direct'
2025-03-16 14:20:14,676 - linkedin_scapper - ERROR - Failed to process job Game Designer Intern with verification: 'ProcessJobCommand' object has no attribute '_save_page_direct'
2025-03-16 14:20:14,677 - linkedin_scapper - ERROR - Failed to process job Software Test Engineer Intern (QA/QC/Tester intern), KMS Healthcare: 'ProcessJobCommand' object has no attribute '_save_page_direct'
2025-03-16 14:20:14,678 - linkedin_scapper - ERROR - Failed to process job Technical Intern, SLT QA Engineer with verification: 'ProcessJobCommand' object has no attribute '_save_page_direct'
2025-03-16 14:20:14,678 - linkedin_scapper - ERROR - Failed to process job C++ Game Programmer (6-month Full-time Working Internship) with verification: 'ProcessJobCommand' object has no attribute '_save_page_direct'
2025-03-16 14:20:14,679 - linkedin_scapper - ERROR - Failed to process job Software Engineer Intern - Mobile with verification: 'ProcessJobCommand' object has no attribute '_save_page_direct'
2025-03-16 14:20:14,679 - linkedin_scapper - ERROR - Failed to process job Software Engineer Intern - Frontend with verification: 'ProcessJobCommand' object has no attribute '_save_page_direct'
2025-03-16 14:20:14,679 - linkedin_scapper - ERROR - Failed to process job Game Designer ( 6 - months internship) with verification: 'ProcessJobCommand' object has no attribute '_save_page_direct'
2025-03-16 14:20:14,679 - linkedin_scapper - ERROR - Failed to process job DevOps Engineer Intern, KMS Healthcare: 'ProcessJobCommand' object has no attribute '_save_page_direct'
2025-03-16 14:20:14,680 - linkedin_scapper - ERROR - Failed to process job Junior QA Engineer - Da Nang with verification: 'ProcessJobCommand' object has no attribute '_save_page_direct'
2025-03-16 14:20:14,680 - linkedin_scapper - ERROR - Failed to process job Technical Intern, BMC Software Engineer with verification: 'ProcessJobCommand' object has no attribute '_save_page_direct'
2025-03-16 14:20:14,680 - linkedin_scapper - INFO - Successfully processed 0 out of 21 jobs
2025-03-16 14:20:14,680 - linkedin_scapper - WARNING - No job data to save
2025-03-16 14:20:17,341 - linkedin_scapper - INFO - Browser session close
